app/build/intermediates/manifest_merge_blame_file/release/manifest-merger-blame-release-report.txt
1<?xml version="1.0" encoding="utf-8"?>
2<manifest xmlns:android="http://schemas.android.com/apk/res/android"
3    package="com.codepath.apps.restclienttemplate"
4    android:versionCode="1"
5    android:versionName="1.0" >
6
7    <uses-sdk
8        android:minSdkVersion="21"
8-->src/main/AndroidManifest.xml
9        android:targetSdkVersion="29" />
9-->src/main/AndroidManifest.xml
10
11    <uses-permission android:name="android.permission.INTERNET" />
11-->src/main/AndroidManifest.xml:7:5-67
11-->src/main/AndroidManifest.xml:7:22-64
12    <uses-permission android:name="android.permission.WRITE_EXTERNAL_STORAGE" />
12-->src/main/AndroidManifest.xml:8:5-81
12-->src/main/AndroidManifest.xml:8:22-78
13
14    <application
14-->src/main/AndroidManifest.xml:10:5-37:19
15        android:name="com.codepath.apps.restclienttemplate.TwitterApp"
15-->src/main/AndroidManifest.xml:11:9-35
16        android:allowBackup="true"
16-->src/main/AndroidManifest.xml:12:9-35
17        android:appComponentFactory="androidx.core.app.CoreComponentFactory"
17-->[androidx.core:core:1.1.0] AndroidManifest.xml:24:18-86
18        android:icon="@drawable/ic_launcher"
18-->src/main/AndroidManifest.xml:13:9-45
19        android:label="@string/app_name"
19-->src/main/AndroidManifest.xml:14:9-41
20        android:testOnly="true"
21        android:theme="@style/AppTheme" >
21-->src/main/AndroidManifest.xml:15:9-40
22        <activity android:name="com.codepath.apps.restclienttemplate.TimeLineActivity" />
22-->src/main/AndroidManifest.xml:16:9-63
22-->src/main/AndroidManifest.xml:16:19-51
23        <activity
23-->src/main/AndroidManifest.xml:17:9-36:20
24            android:name="com.codepath.apps.restclienttemplate.LoginActivity"
24-->src/main/AndroidManifest.xml:18:13-42
25            android:label="@string/app_name"
25-->src/main/AndroidManifest.xml:19:13-45
26            android:theme="@style/AppTheme" >
26-->src/main/AndroidManifest.xml:20:13-44
27            <intent-filter>
27-->src/main/AndroidManifest.xml:21:13-25:29
28                <action android:name="android.intent.action.MAIN" />
28-->src/main/AndroidManifest.xml:22:17-69
28-->src/main/AndroidManifest.xml:22:25-66
29
30                <category android:name="android.intent.category.LAUNCHER" />
30-->src/main/AndroidManifest.xml:24:17-77
30-->src/main/AndroidManifest.xml:24:27-74
31            </intent-filter>
32            <intent-filter>
32-->src/main/AndroidManifest.xml:26:13-35:29
33                <action android:name="android.intent.action.VIEW" />
33-->src/main/AndroidManifest.xml:27:17-69
33-->src/main/AndroidManifest.xml:27:25-66
34
35                <category android:name="android.intent.category.DEFAULT" />
35-->src/main/AndroidManifest.xml:29:17-76
35-->src/main/AndroidManifest.xml:29:27-73
36                <category android:name="android.intent.category.BROWSABLE" />
36-->src/main/AndroidManifest.xml:30:17-78
36-->src/main/AndroidManifest.xml:30:27-75
37
38                <data
38-->src/main/AndroidManifest.xml:32:17-34:62
39                    android:host="@string/intent_host"
39-->src/main/AndroidManifest.xml:33:21-55
40                    android:scheme="@string/intent_scheme" />
40-->src/main/AndroidManifest.xml:34:21-59
41            </intent-filter>
42        </activity>
43
44        <service
44-->[androidx.room:room-runtime:2.2.5] AndroidManifest.xml:25:9-28:40
45            android:name="androidx.room.MultiInstanceInvalidationService"
45-->[androidx.room:room-runtime:2.2.5] AndroidManifest.xml:26:13-74
46            android:directBootAware="true"
46-->[androidx.room:room-runtime:2.2.5] AndroidManifest.xml:27:13-43
47            android:exported="false" />
47-->[androidx.room:room-runtime:2.2.5] AndroidManifest.xml:28:13-37
48    </application>
49
50</manifest>